#
# A fatal error has been detected by the Java Runtime Environment:
#
#  EXCEPTION_ACCESS_VIOLATION (0xc0000005) at pc=0x00007ff81d1eac25, pid=10760, tid=21112
#
# JRE version: OpenJDK Runtime Environment (15.0.2+7) (build 15.0.2+7-27)
# Java VM: OpenJDK 64-Bit Server VM (15.0.2+7-27, mixed mode, sharing, tiered, compressed oops, g1 gc, windows-amd64)
# Problematic frame:
# V  [jvm.dll+0x76ac25]
#
# No core dump will be written. Minidumps are not enabled by default on client versions of Windows
#
# If you would like to submit a bug report, please visit:
#   https://bugreport.java.com/bugreport/crash.jsp
#

---------------  S U M M A R Y ------------

Command Line: -javaagent:C:\Program Files\JetBrains\IntelliJ IDEA Community Edition 2020.2.1\lib\idea_rt.jar=62776:C:\Program Files\JetBrains\IntelliJ IDEA Community Edition 2020.2.1\bin -Dfile.encoding=UTF-8 Main

Host: AMD Ryzen 5 1400 Quad-Core Processor           , 8 cores, 15G,  Windows 10 , 64 bit Build 18362 (10.0.18362.1316)
Time: Fri Feb  5 12:42:25 2021 Västeuropa, normaltid elapsed time: 0.127446 seconds (0d 0h 0m 0s)

---------------  T H R E A D  ---------------

Current thread (0x000001fb3882eec0):  JavaThread "C2 CompilerThread0" daemon [_thread_in_native, id=21112, stack(0x0000007ba4000000,0x0000007ba4100000)]


Current CompileTask:
C2:    127  126       4       java.util.ImmutableCollections$SetN$SetNIterator::next (90 bytes)

Stack: [0x0000007ba4000000,0x0000007ba4100000],  sp=0x0000007ba40fa798,  free space=1001k
Native frames: (J=compiled Java code, j=interpreted, Vv=VM code, C=native code)
V  [jvm.dll+0x76ac25]
V  [jvm.dll+0x279cf9]
V  [jvm.dll+0x27a054]
V  [jvm.dll+0x540794]
V  [jvm.dll+0x1f3124]
V  [jvm.dll+0x1ecaf1]
V  [jvm.dll+0x1e9867]
V  [jvm.dll+0x178567]
V  [jvm.dll+0x1f9225]
V  [jvm.dll+0x1f72cc]
V  [jvm.dll+0x74495d]
V  [jvm.dll+0x73d75a]
V  [jvm.dll+0x629c56]
C  [ucrtbase.dll+0x210b2]
C  [KERNEL32.DLL+0x17c24]
C  [ntdll.dll+0x6d4d1]


siginfo: EXCEPTION_ACCESS_VIOLATION (0xc0000005), reading address 0xffffffffffffffff


Register to memory mapping:

RIP=0x00007ff81d1eac25 jvm.dll
RAX=0x000001fb38894080 points into unknown readable memory: 0x000001fb38873148 | 48 31 87 38 fb 01 00 00
RBX=0x0000000000000002 is an unknown value
RCX=0x0000007ba40fa880 is pointing into the stack for thread: 0x000001fb3882eec0
RDX=0x0000000000000002 is an unknown value
RSP=0x0000007ba40fa798 is pointing into the stack for thread: 0x000001fb3882eec0
RBP=0x0000007ba40fa810 is pointing into the stack for thread: 0x000001fb3882eec0
RSI=0x0 is NULL
RDI=0x0000000000000044 is an unknown value
R8 =0x0000000000000044 is an unknown value
R9 =0x000001fb3888f0b0 points into unknown readable memory: 0x0000000000000000 | 00 00 00 00 00 00 00 00
R10=0x0000000000000010 is an unknown value
R11=0x000001fb38893ca0 points into unknown readable memory: 0xffffffff00000001 | 01 00 00 00 ff ff ff ff
R12=0x0000007ba40fa880 is pointing into the stack for thread: 0x000001fb3882eec0
R13=0x000001fb38873dc0 points into unknown readable memory: 0x00007ff81d2ccb50 | 50 cb 2c 1d f8 7f 00 00
R14=0x000000000000000c is an unknown value
R15=0x000001fb3888f478 points into unknown readable memory: 0x0000000000000000 | 00 00 00 00 00 00 00 00


Registers:
RAX=0x000001fb38894080, RBX=0x0000000000000002, RCX=0x0000007ba40fa880, RDX=0x0000000000000002
RSP=0x0000007ba40fa798, RBP=0x0000007ba40fa810, RSI=0x0000000000000000, RDI=0x0000000000000044
R8 =0x0000000000000044, R9 =0x000001fb3888f0b0, R10=0x0000000000000010, R11=0x000001fb38893ca0
R12=0x0000007ba40fa880, R13=0x000001fb38873dc0, R14=0x000000000000000c, R15=0x000001fb3888f478
RIP=0x00007ff81d1eac25, EFLAGS=0x0000000000010246

Top of Stack: (sp=0x0000007ba40fa798)
0x0000007ba40fa798:   00007ff81ccf9cf9 0000000000000002
0x0000007ba40fa7a8:   000001fb38893ca0 000001fb38826dd0
0x0000007ba40fa7b8:   00007ff81d0799c7 000001fb3888f478
0x0000007ba40fa7c8:   0000001000000001 0000000000000000
0x0000007ba40fa7d8:   0000007b00000008 000001fb38894080
0x0000007ba40fa7e8:   00007ff81cfc2408 000001fb37fff9b0
0x0000007ba40fa7f8:   0000000000000000 000001fb38897090
0x0000007ba40fa808:   0000007ba40fadf0 000001fb38893ca0
0x0000007ba40fa818:   0000000000000040 000001fb3888f0b0
0x0000007ba40fa828:   00007ff81ccfa054 000001fb3888f0b0
0x0000007ba40fa838:   000001fb38826dd0 0000007ba40fadf0
0x0000007ba40fa848:   000001fb38893ca0 000001fb38893ca0
0x0000007ba40fa858:   000001fb37fff9b0 000001fb38897090
0x0000007ba40fa868:   00000000000083b0 000001fb3889e6d0
0x0000007ba40fa878:   000001fb3889f078 000001fb00000002
0x0000007ba40fa888:   000001fb38894070 0000000000000002 

Instructions: (pc=0x00007ff81d1eac25)
0x00007ff81d1eab25:   00 06 00 00 06 06 06 06 06 06 06 06 06 06 06 06
0x00007ff81d1eab35:   00 00 06 06 06 06 06 06 06 06 06 06 06 06 06 06
0x00007ff81d1eab45:   06 06 03 03 06 06 06 06 06 06 06 06 06 06 06 06
0x00007ff81d1eab55:   06 06 06 06 06 06 06 06 06 06 06 05 05 66 90 0e
0x00007ff81d1eab65:   aa 76 00 0e aa 76 00 0e aa 76 00 0e aa 76 00 2a
0x00007ff81d1eab75:   aa 76 00 2a aa 76 00 2a aa 76 00 2a aa 76 00 2a
0x00007ff81d1eab85:   aa 76 00 f2 a9 76 00 f2 a9 76 00 0e aa 76 00 0e
0x00007ff81d1eab95:   aa 76 00 cc cc cc cc cc cc cc cc 48 89 5c 24 08
0x00007ff81d1eaba5:   57 48 83 ec 20 c7 01 02 00 00 00 48 8b da 48 8b
0x00007ff81d1eabb5:   42 18 48 8b f9 48 83 f8 ef 76 18 4c 8d 05 a9 c3
0x00007ff81d1eabc5:   0d 00 ba 10 00 00 00 48 8b cb e8 bc dd 92 ff 48
0x00007ff81d1eabd5:   8b 43 18 48 8d 48 10 48 3b 4b 20 76 11 45 33 c0
0x00007ff81d1eabe5:   48 8b cb 41 8d 50 10 e8 ef d9 92 ff eb 04 48 89
0x00007ff81d1eabf5:   4b 18 48 89 47 08 33 c9 48 89 5f 18 48 8b 5c 24
0x00007ff81d1eac05:   30 c7 47 10 02 00 00 00 89 08 48 8b 47 08 89 48
0x00007ff81d1eac15:   04 48 8b c7 48 83 c4 20 5f c3 cc 48 89 5c 24 08
0x00007ff81d1eac25:   57 48 83 ec 30 8d 5a 01 48 8b f9 85 db 74 04 85
0x00007ff81d1eac35:   da 74 18 0f bd c3 ba 1f 00 00 00 b9 20 00 00 00
0x00007ff81d1eac45:   2b d0 bb 01 00 00 00 2a ca d3 e3 3b 5f 10 76 2a
0x00007ff81d1eac55:   44 8b 07 48 8b 57 08 48 8b 4f 18 44 8b cb 49 c1
0x00007ff81d1eac65:   e1 02 49 c1 e0 02 c7 44 24 20 00 00 00 00 e8 38
0x00007ff81d1eac75:   d3 92 ff 48 89 47 08 89 5f 10 8b 0f 44 8b c3 48
0x00007ff81d1eac85:   8b 47 08 44 2b c1 49 c1 e0 02 33 d2 48 8d 0c 88
0x00007ff81d1eac95:   e8 c8 f0 06 00 89 1f 48 8b 5c 24 40 48 83 c4 30
0x00007ff81d1eaca5:   5f c3 cc cc cc cc cc cc cc cc cc 8b 11 33 c0 85
0x00007ff81d1eacb5:   d2 74 15 4c 8b 41 08 0f 1f 40 00 41 83 3c 80 00
0x00007ff81d1eacc5:   75 09 ff c0 3b c2 72 f3 b0 01 c3 32 c0 c3 cc cc
0x00007ff81d1eacd5:   cc cc cc cc cc cc cc cc cc cc cc 40 53 48 83 ec
0x00007ff81d1eace5:   20 0f b6 c2 48 8b d9 83 f8 05 77 63 48 8d 0d 08
0x00007ff81d1eacf5:   53 89 ff 8b 94 81 7c ad 76 00 48 03 d1 ff e2 48
0x00007ff81d1ead05:   c7 03 01 01 01 00 48 8b c3 48 83 c4 20 5b c3 48
0x00007ff81d1ead15:   c7 03 01 01 02 00 48 8b c3 48 83 c4 20 5b c3 48 


Stack slot to memory mapping:
stack at sp + 0 slots: 0x00007ff81ccf9cf9 jvm.dll
stack at sp + 1 slots: 0x0000000000000002 is an unknown value
stack at sp + 2 slots: 0x000001fb38893ca0 points into unknown readable memory: 0xffffffff00000001 | 01 00 00 00 ff ff ff ff
stack at sp + 3 slots: 0x000001fb38826dd0 points into unknown readable memory: 0x0000000000000000 | 00 00 00 00 00 00 00 00
stack at sp + 4 slots: 0x00007ff81d0799c7 jvm.dll
stack at sp + 5 slots: 0x000001fb3888f478 points into unknown readable memory: 0x0000000000000000 | 00 00 00 00 00 00 00 00
stack at sp + 6 slots: 0x0000001000000001 is an unknown value
stack at sp + 7 slots: 0x0 is NULL


---------------  P R O C E S S  ---------------

Threads class SMR info:
_java_thread_list=0x000001fb3896d180, length=11, elements={
0x000001fb128d3770, 0x000001fb38813600, 0x000001fb388140e0, 0x000001fb3882ac40,
0x000001fb3882d910, 0x000001fb3882e1d0, 0x000001fb3882eec0, 0x000001fb388308d0,
0x000001fb388332e0, 0x000001fb3893e070, 0x000001fb38992520
}

Java Threads: ( => current thread )
  0x000001fb128d3770 JavaThread "main" [_thread_in_Java, id=22608, stack(0x0000007ba3400000,0x0000007ba3500000)]
  0x000001fb38813600 JavaThread "Reference Handler" daemon [_thread_blocked, id=10020, stack(0x0000007ba3b00000,0x0000007ba3c00000)]
  0x000001fb388140e0 JavaThread "Finalizer" daemon [_thread_blocked, id=8232, stack(0x0000007ba3c00000,0x0000007ba3d00000)]
  0x000001fb3882ac40 JavaThread "Signal Dispatcher" daemon [_thread_blocked, id=10732, stack(0x0000007ba3d00000,0x0000007ba3e00000)]
  0x000001fb3882d910 JavaThread "Attach Listener" daemon [_thread_blocked, id=17384, stack(0x0000007ba3e00000,0x0000007ba3f00000)]
  0x000001fb3882e1d0 JavaThread "Service Thread" daemon [_thread_blocked, id=12512, stack(0x0000007ba3f00000,0x0000007ba4000000)]
=>0x000001fb3882eec0 JavaThread "C2 CompilerThread0" daemon [_thread_in_native, id=21112, stack(0x0000007ba4000000,0x0000007ba4100000)]
  0x000001fb388308d0 JavaThread "C1 CompilerThread0" daemon [_thread_blocked, id=17440, stack(0x0000007ba4100000,0x0000007ba4200000)]
  0x000001fb388332e0 JavaThread "Sweeper thread" daemon [_thread_blocked, id=20200, stack(0x0000007ba4200000,0x0000007ba4300000)]
  0x000001fb3893e070 JavaThread "Common-Cleaner" daemon [_thread_blocked, id=29504, stack(0x0000007ba4300000,0x0000007ba4400000)]
  0x000001fb38992520 JavaThread "C2 CompilerThread1" daemon [_thread_blocked, id=18528, stack(0x0000007ba4400000,0x0000007ba4500000)]

Other Threads:
  0x000001fb38810080 VMThread "VM Thread" [stack: 0x0000007ba3a00000,0x0000007ba3b00000] [id=23516]
  0x000001fb12923ef0 GCTaskThread "GC Thread#0" [stack: 0x0000007ba3500000,0x0000007ba3600000] [id=10036]
  0x000001fb12936e70 ConcurrentGCThread "G1 Main Marker" [stack: 0x0000007ba3600000,0x0000007ba3700000] [id=18640]
  0x000001fb12938110 ConcurrentGCThread "G1 Conc#0" [stack: 0x0000007ba3700000,0x0000007ba3800000] [id=16052]
  0x000001fb37e920d0 ConcurrentGCThread "G1 Refine#0" [stack: 0x0000007ba3800000,0x0000007ba3900000] [id=23660]
  0x000001fb37e92be0 ConcurrentGCThread "G1 Young RemSet Sampling" [stack: 0x0000007ba3900000,0x0000007ba3a00000] [id=3288]

Threads with active compile tasks:
C2 CompilerThread0      177  126       4       java.util.ImmutableCollections$SetN$SetNIterator::next (90 bytes)

VM state: not at safepoint (normal execution)

VM Mutex/Monitor currently owned by a thread:  ([mutex/lock_event])
[0x000001fb128d09a0] AdapterHandlerLibrary_lock - owner thread: 0x0000000000000000

Heap address: 0x0000000701000000, size: 4080 MB, Compressed Oops mode: Zero based, Oop shift amount: 3
CDS archive(s) mapped at: [0x0000000800000000-0x0000000800b50000-0x0000000800b50000), size 11862016, SharedBaseAddress: 0x0000000800000000, ArchiveRelocationMode: 0.
Compressed class space mapped at: 0x0000000800b50000-0x0000000840b50000, size: 1073741824
Narrow klass base: 0x0000000800000000, Narrow klass shift: 3, Narrow klass range: 0x100000000

GC Precious Log:
 CPUs: 8 total, 8 available
 Memory: 16318M
 Large Page Support: Disabled
 NUMA Support: Disabled
 Compressed Oops: Enabled (Zero based)
 Heap Region Size: 2M
 Heap Min Capacity: 8M
 Heap Initial Capacity: 256M
 Heap Max Capacity: 4080M
 Pre-touch: Disabled
 Parallel Workers: 8
 Concurrent Workers: 2
 Concurrent Refinement Workers: 8
 Periodic GC: Disabled

Heap:
 garbage-first heap   total 262144K, used 0K [0x0000000701000000, 0x0000000800000000)
  region size 2048K, 1 young (2048K), 0 survivors (0K)
 Metaspace       used 437K, capacity 4483K, committed 4864K, reserved 1056768K
  class space    used 35K, capacity 385K, committed 512K, reserved 1048576K

Heap Regions: E=young(eden), S=young(survivor), O=old, HS=humongous(starts), HC=humongous(continues), CS=collection set, F=free, OA=open archive, CA=closed archive, TAMS=top-at-mark-start (previous, next)
|   0|0x0000000701000000, 0x0000000701000000, 0x0000000701200000|  0%| F|  |TAMS 0x0000000701000000, 0x0000000701000000| Untracked 
|   1|0x0000000701200000, 0x0000000701200000, 0x0000000701400000|  0%| F|  |TAMS 0x0000000701200000, 0x0000000701200000| Untracked 
|   2|0x0000000701400000, 0x0000000701400000, 0x0000000701600000|  0%| F|  |TAMS 0x0000000701400000, 0x0000000701400000| Untracked 
|   3|0x0000000701600000, 0x0000000701600000, 0x0000000701800000|  0%| F|  |TAMS 0x0000000701600000, 0x0000000701600000| Untracked 
|   4|0x0000000701800000, 0x0000000701800000, 0x0000000701a00000|  0%| F|  |TAMS 0x0000000701800000, 0x0000000701800000| Untracked 
|   5|0x0000000701a00000, 0x0000000701a00000, 0x0000000701c00000|  0%| F|  |TAMS 0x0000000701a00000, 0x0000000701a00000| Untracked 
|   6|0x0000000701c00000, 0x0000000701c00000, 0x0000000701e00000|  0%| F|  |TAMS 0x0000000701c00000, 0x0000000701c00000| Untracked 
|   7|0x0000000701e00000, 0x0000000701e00000, 0x0000000702000000|  0%| F|  |TAMS 0x0000000701e00000, 0x0000000701e00000| Untracked 
|   8|0x0000000702000000, 0x0000000702000000, 0x0000000702200000|  0%| F|  |TAMS 0x0000000702000000, 0x0000000702000000| Untracked 
|   9|0x0000000702200000, 0x0000000702200000, 0x0000000702400000|  0%| F|  |TAMS 0x0000000702200000, 0x0000000702200000| Untracked 
|  10|0x0000000702400000, 0x0000000702400000, 0x0000000702600000|  0%| F|  |TAMS 0x0000000702400000, 0x0000000702400000| Untracked 
|  11|0x0000000702600000, 0x0000000702600000, 0x0000000702800000|  0%| F|  |TAMS 0x0000000702600000, 0x0000000702600000| Untracked 
|  12|0x0000000702800000, 0x0000000702800000, 0x0000000702a00000|  0%| F|  |TAMS 0x0000000702800000, 0x0000000702800000| Untracked 
|  13|0x0000000702a00000, 0x0000000702a00000, 0x0000000702c00000|  0%| F|  |TAMS 0x0000000702a00000, 0x0000000702a00000| Untracked 
|  14|0x0000000702c00000, 0x0000000702c00000, 0x0000000702e00000|  0%| F|  |TAMS 0x0000000702c00000, 0x0000000702c00000| Untracked 
|  15|0x0000000702e00000, 0x0000000702e00000, 0x0000000703000000|  0%| F|  |TAMS 0x0000000702e00000, 0x0000000702e00000| Untracked 
|  16|0x0000000703000000, 0x0000000703000000, 0x0000000703200000|  0%| F|  |TAMS 0x0000000703000000, 0x0000000703000000| Untracked 
|  17|0x0000000703200000, 0x0000000703200000, 0x0000000703400000|  0%| F|  |TAMS 0x0000000703200000, 0x0000000703200000| Untracked 
|  18|0x0000000703400000, 0x0000000703400000, 0x0000000703600000|  0%| F|  |TAMS 0x0000000703400000, 0x0000000703400000| Untracked 
|  19|0x0000000703600000, 0x0000000703600000, 0x0000000703800000|  0%| F|  |TAMS 0x0000000703600000, 0x0000000703600000| Untracked 
|  20|0x0000000703800000, 0x0000000703800000, 0x0000000703a00000|  0%| F|  |TAMS 0x0000000703800000, 0x0000000703800000| Untracked 
|  21|0x0000000703a00000, 0x0000000703a00000, 0x0000000703c00000|  0%| F|  |TAMS 0x0000000703a00000, 0x0000000703a00000| Untracked 
|  22|0x0000000703c00000, 0x0000000703c00000, 0x0000000703e00000|  0%| F|  |TAMS 0x0000000703c00000, 0x0000000703c00000| Untracked 
|  23|0x0000000703e00000, 0x0000000703e00000, 0x0000000704000000|  0%| F|  |TAMS 0x0000000703e00000, 0x0000000703e00000| Untracked 
|  24|0x0000000704000000, 0x0000000704000000, 0x0000000704200000|  0%| F|  |TAMS 0x0000000704000000, 0x0000000704000000| Untracked 
|  25|0x0000000704200000, 0x0000000704200000, 0x0000000704400000|  0%| F|  |TAMS 0x0000000704200000, 0x0000000704200000| Untracked 
|  26|0x0000000704400000, 0x0000000704400000, 0x0000000704600000|  0%| F|  |TAMS 0x0000000704400000, 0x0000000704400000| Untracked 
|  27|0x0000000704600000, 0x0000000704600000, 0x0000000704800000|  0%| F|  |TAMS 0x0000000704600000, 0x0000000704600000| Untracked 
|  28|0x0000000704800000, 0x0000000704800000, 0x0000000704a00000|  0%| F|  |TAMS 0x0000000704800000, 0x0000000704800000| Untracked 
|  29|0x0000000704a00000, 0x0000000704a00000, 0x0000000704c00000|  0%| F|  |TAMS 0x0000000704a00000, 0x0000000704a00000| Untracked 
|  30|0x0000000704c00000, 0x0000000704c00000, 0x0000000704e00000|  0%| F|  |TAMS 0x0000000704c00000, 0x0000000704c00000| Untracked 
|  31|0x0000000704e00000, 0x0000000704e00000, 0x0000000705000000|  0%| F|  |TAMS 0x0000000704e00000, 0x0000000704e00000| Untracked 
|  32|0x0000000705000000, 0x0000000705000000, 0x0000000705200000|  0%| F|  |TAMS 0x0000000705000000, 0x0000000705000000| Untracked 
|  33|0x0000000705200000, 0x0000000705200000, 0x0000000705400000|  0%| F|  |TAMS 0x0000000705200000, 0x0000000705200000| Untracked 
|  34|0x0000000705400000, 0x0000000705400000, 0x0000000705600000|  0%| F|  |TAMS 0x0000000705400000, 0x0000000705400000| Untracked 
|  35|0x0000000705600000, 0x0000000705600000, 0x0000000705800000|  0%| F|  |TAMS 0x0000000705600000, 0x0000000705600000| Untracked 
|  36|0x0000000705800000, 0x0000000705800000, 0x0000000705a00000|  0%| F|  |TAMS 0x0000000705800000, 0x0000000705800000| Untracked 
|  37|0x0000000705a00000, 0x0000000705a00000, 0x0000000705c00000|  0%| F|  |TAMS 0x0000000705a00000, 0x0000000705a00000| Untracked 
|  38|0x0000000705c00000, 0x0000000705c00000, 0x0000000705e00000|  0%| F|  |TAMS 0x0000000705c00000, 0x0000000705c00000| Untracked 
|  39|0x0000000705e00000, 0x0000000705e00000, 0x0000000706000000|  0%| F|  |TAMS 0x0000000705e00000, 0x0000000705e00000| Untracked 
|  40|0x0000000706000000, 0x0000000706000000, 0x0000000706200000|  0%| F|  |TAMS 0x0000000706000000, 0x0000000706000000| Untracked 
|  41|0x0000000706200000, 0x0000000706200000, 0x0000000706400000|  0%| F|  |TAMS 0x0000000706200000, 0x0000000706200000| Untracked 
|  42|0x0000000706400000, 0x0000000706400000, 0x0000000706600000|  0%| F|  |TAMS 0x0000000706400000, 0x0000000706400000| Untracked 
|  43|0x0000000706600000, 0x0000000706600000, 0x0000000706800000|  0%| F|  |TAMS 0x0000000706600000, 0x0000000706600000| Untracked 
|  44|0x0000000706800000, 0x0000000706800000, 0x0000000706a00000|  0%| F|  |TAMS 0x0000000706800000, 0x0000000706800000| Untracked 
|  45|0x0000000706a00000, 0x0000000706a00000, 0x0000000706c00000|  0%| F|  |TAMS 0x0000000706a00000, 0x0000000706a00000| Untracked 
|  46|0x0000000706c00000, 0x0000000706c00000, 0x0000000706e00000|  0%| F|  |TAMS 0x0000000706c00000, 0x0000000706c00000| Untracked 
|  47|0x0000000706e00000, 0x0000000706e00000, 0x0000000707000000|  0%| F|  |TAMS 0x0000000706e00000, 0x0000000706e00000| Untracked 
|  48|0x0000000707000000, 0x0000000707000000, 0x0000000707200000|  0%| F|  |TAMS 0x0000000707000000, 0x0000000707000000| Untracked 
|  49|0x0000000707200000, 0x0000000707200000, 0x0000000707400000|  0%| F|  |TAMS 0x0000000707200000, 0x0000000707200000| Untracked 
|  50|0x0000000707400000, 0x0000000707400000, 0x0000000707600000|  0%| F|  |TAMS 0x0000000707400000, 0x0000000707400000| Untracked 
|  51|0x0000000707600000, 0x0000000707600000, 0x0000000707800000|  0%| F|  |TAMS 0x0000000707600000, 0x0000000707600000| Untracked 
|  52|0x0000000707800000, 0x0000000707800000, 0x0000000707a00000|  0%| F|  |TAMS 0x0000000707800000, 0x0000000707800000| Untracked 
|  53|0x0000000707a00000, 0x0000000707a00000, 0x0000000707c00000|  0%| F|  |TAMS 0x0000000707a00000, 0x0000000707a00000| Untracked 
|  54|0x0000000707c00000, 0x0000000707c00000, 0x0000000707e00000|  0%| F|  |TAMS 0x0000000707c00000, 0x0000000707c00000| Untracked 
|  55|0x0000000707e00000, 0x0000000707e00000, 0x0000000708000000|  0%| F|  |TAMS 0x0000000707e00000, 0x0000000707e00000| Untracked 
|  56|0x0000000708000000, 0x0000000708000000, 0x0000000708200000|  0%| F|  |TAMS 0x0000000708000000, 0x0000000708000000| Untracked 
|  57|0x0000000708200000, 0x0000000708200000, 0x0000000708400000|  0%| F|  |TAMS 0x0000000708200000, 0x0000000708200000| Untracked 
|  58|0x0000000708400000, 0x0000000708400000, 0x0000000708600000|  0%| F|  |TAMS 0x0000000708400000, 0x0000000708400000| Untracked 
|  59|0x0000000708600000, 0x0000000708600000, 0x0000000708800000|  0%| F|  |TAMS 0x0000000708600000, 0x0000000708600000| Untracked 
|  60|0x0000000708800000, 0x0000000708800000, 0x0000000708a00000|  0%| F|  |TAMS 0x0000000708800000, 0x0000000708800000| Untracked 
|  61|0x0000000708a00000, 0x0000000708a00000, 0x0000000708c00000|  0%| F|  |TAMS 0x0000000708a00000, 0x0000000708a00000| Untracked 
|  62|0x0000000708c00000, 0x0000000708c00000, 0x0000000708e00000|  0%| F|  |TAMS 0x0000000708c00000, 0x0000000708c00000| Untracked 
|  63|0x0000000708e00000, 0x0000000708e00000, 0x0000000709000000|  0%| F|  |TAMS 0x0000000708e00000, 0x0000000708e00000| Untracked 
|  64|0x0000000709000000, 0x0000000709000000, 0x0000000709200000|  0%| F|  |TAMS 0x0000000709000000, 0x0000000709000000| Untracked 
|  65|0x0000000709200000, 0x0000000709200000, 0x0000000709400000|  0%| F|  |TAMS 0x0000000709200000, 0x0000000709200000| Untracked 
|  66|0x0000000709400000, 0x0000000709400000, 0x0000000709600000|  0%| F|  |TAMS 0x0000000709400000, 0x0000000709400000| Untracked 
|  67|0x0000000709600000, 0x0000000709600000, 0x0000000709800000|  0%| F|  |TAMS 0x0000000709600000, 0x0000000709600000| Untracked 
|  68|0x0000000709800000, 0x0000000709800000, 0x0000000709a00000|  0%| F|  |TAMS 0x0000000709800000, 0x0000000709800000| Untracked 
|  69|0x0000000709a00000, 0x0000000709a00000, 0x0000000709c00000|  0%| F|  |TAMS 0x0000000709a00000, 0x0000000709a00000| Untracked 
|  70|0x0000000709c00000, 0x0000000709c00000, 0x0000000709e00000|  0%| F|  |TAMS 0x0000000709c00000, 0x0000000709c00000| Untracked 
|  71|0x0000000709e00000, 0x0000000709e00000, 0x000000070a000000|  0%| F|  |TAMS 0x0000000709e00000, 0x0000000709e00000| Untracked 
|  72|0x000000070a000000, 0x000000070a000000, 0x000000070a200000|  0%| F|  |TAMS 0x000000070a000000, 0x000000070a000000| Untracked 
|  73|0x000000070a200000, 0x000000070a200000, 0x000000070a400000|  0%| F|  |TAMS 0x000000070a200000, 0x000000070a200000| Untracked 
|  74|0x000000070a400000, 0x000000070a400000, 0x000000070a600000|  0%| F|  |TAMS 0x000000070a400000, 0x000000070a400000| Untracked 
|  75|0x000000070a600000, 0x000000070a600000, 0x000000070a800000|  0%| F|  |TAMS 0x000000070a600000, 0x000000070a600000| Untracked 
|  76|0x000000070a800000, 0x000000070a800000, 0x000000070aa00000|  0%| F|  |TAMS 0x000000070a800000, 0x000000070a800000| Untracked 
|  77|0x000000070aa00000, 0x000000070aa00000, 0x000000070ac00000|  0%| F|  |TAMS 0x000000070aa00000, 0x000000070aa00000| Untracked 
|  78|0x000000070ac00000, 0x000000070ac00000, 0x000000070ae00000|  0%| F|  |TAMS 0x000000070ac00000, 0x000000070ac00000| Untracked 
|  79|0x000000070ae00000, 0x000000070ae00000, 0x000000070b000000|  0%| F|  |TAMS 0x000000070ae00000, 0x000000070ae00000| Untracked 
|  80|0x000000070b000000, 0x000000070b000000, 0x000000070b200000|  0%| F|  |TAMS 0x000000070b000000, 0x000000070b000000| Untracked 
|  81|0x000000070b200000, 0x000000070b200000, 0x000000070b400000|  0%| F|  |TAMS 0x000000070b200000, 0x000000070b200000| Untracked 
|  82|0x000000070b400000, 0x000000070b400000, 0x000000070b600000|  0%| F|  |TAMS 0x000000070b400000, 0x000000070b400000| Untracked 
|  83|0x000000070b600000, 0x000000070b600000, 0x000000070b800000|  0%| F|  |TAMS 0x000000070b600000, 0x000000070b600000| Untracked 
|  84|0x000000070b800000, 0x000000070b800000, 0x000000070ba00000|  0%| F|  |TAMS 0x000000070b800000, 0x000000070b800000| Untracked 
|  85|0x000000070ba00000, 0x000000070ba00000, 0x000000070bc00000|  0%| F|  |TAMS 0x000000070ba00000, 0x000000070ba00000| Untracked 
|  86|0x000000070bc00000, 0x000000070bc00000, 0x000000070be00000|  0%| F|  |TAMS 0x000000070bc00000, 0x000000070bc00000| Untracked 
|  87|0x000000070be00000, 0x000000070be00000, 0x000000070c000000|  0%| F|  |TAMS 0x000000070be00000, 0x000000070be00000| Untracked 
|  88|0x000000070c000000, 0x000000070c000000, 0x000000070c200000|  0%| F|  |TAMS 0x000000070c000000, 0x000000070c000000| Untracked 
|  89|0x000000070c200000, 0x000000070c200000, 0x000000070c400000|  0%| F|  |TAMS 0x000000070c200000, 0x000000070c200000| Untracked 
|  90|0x000000070c400000, 0x000000070c400000, 0x000000070c600000|  0%| F|  |TAMS 0x000000070c400000, 0x000000070c400000| Untracked 
|  91|0x000000070c600000, 0x000000070c600000, 0x000000070c800000|  0%| F|  |TAMS 0x000000070c600000, 0x000000070c600000| Untracked 
|  92|0x000000070c800000, 0x000000070c800000, 0x000000070ca00000|  0%| F|  |TAMS 0x000000070c800000, 0x000000070c800000| Untracked 
|  93|0x000000070ca00000, 0x000000070ca00000, 0x000000070cc00000|  0%| F|  |TAMS 0x000000070ca00000, 0x000000070ca00000| Untracked 
|  94|0x000000070cc00000, 0x000000070cc00000, 0x000000070ce00000|  0%| F|  |TAMS 0x000000070cc00000, 0x000000070cc00000| Untracked 
|  95|0x000000070ce00000, 0x000000070ce00000, 0x000000070d000000|  0%| F|  |TAMS 0x000000070ce00000, 0x000000070ce00000| Untracked 
|  96|0x000000070d000000, 0x000000070d000000, 0x000000070d200000|  0%| F|  |TAMS 0x000000070d000000, 0x000000070d000000| Untracked 
|  97|0x000000070d200000, 0x000000070d200000, 0x000000070d400000|  0%| F|  |TAMS 0x000000070d200000, 0x000000070d200000| Untracked 
|  98|0x000000070d400000, 0x000000070d400000, 0x000000070d600000|  0%| F|  |TAMS 0x000000070d400000, 0x000000070d400000| Untracked 
|  99|0x000000070d600000, 0x000000070d600000, 0x000000070d800000|  0%| F|  |TAMS 0x000000070d600000, 0x000000070d600000| Untracked 
| 100|0x000000070d800000, 0x000000070d800000, 0x000000070da00000|  0%| F|  |TAMS 0x000000070d800000, 0x000000070d800000| Untracked 
| 101|0x000000070da00000, 0x000000070da00000, 0x000000070dc00000|  0%| F|  |TAMS 0x000000070da00000, 0x000000070da00000| Untracked 
| 102|0x000000070dc00000, 0x000000070dc00000, 0x000000070de00000|  0%| F|  |TAMS 0x000000070dc00000, 0x000000070dc00000| Untracked 
| 103|0x000000070de00000, 0x000000070de00000, 0x000000070e000000|  0%| F|  |TAMS 0x000000070de00000, 0x000000070de00000| Untracked 
| 104|0x000000070e000000, 0x000000070e000000, 0x000000070e200000|  0%| F|  |TAMS 0x000000070e000000, 0x000000070e000000| Untracked 
| 105|0x000000070e200000, 0x000000070e200000, 0x000000070e400000|  0%| F|  |TAMS 0x000000070e200000, 0x000000070e200000| Untracked 
| 106|0x000000070e400000, 0x000000070e400000, 0x000000070e600000|  0%| F|  |TAMS 0x000000070e400000, 0x000000070e400000| Untracked 
| 107|0x000000070e600000, 0x000000070e600000, 0x000000070e800000|  0%| F|  |TAMS 0x000000070e600000, 0x000000070e600000| Untracked 
| 108|0x000000070e800000, 0x000000070e800000, 0x000000070ea00000|  0%| F|  |TAMS 0x000000070e800000, 0x000000070e800000| Untracked 
| 109|0x000000070ea00000, 0x000000070ea00000, 0x000000070ec00000|  0%| F|  |TAMS 0x000000070ea00000, 0x000000070ea00000| Untracked 
| 110|0x000000070ec00000, 0x000000070ec00000, 0x000000070ee00000|  0%| F|  |TAMS 0x000000070ec00000, 0x000000070ec00000| Untracked 
| 111|0x000000070ee00000, 0x000000070ee00000, 0x000000070f000000|  0%| F|  |TAMS 0x000000070ee00000, 0x000000070ee00000| Untracked 
| 112|0x000000070f000000, 0x000000070f000000, 0x000000070f200000|  0%| F|  |TAMS 0x000000070f000000, 0x000000070f000000| Untracked 
| 113|0x000000070f200000, 0x000000070f200000, 0x000000070f400000|  0%| F|  |TAMS 0x000000070f200000, 0x000000070f200000| Untracked 
| 114|0x000000070f400000, 0x000000070f400000, 0x000000070f600000|  0%| F|  |TAMS 0x000000070f400000, 0x000000070f400000| Untracked 
| 115|0x000000070f600000, 0x000000070f600000, 0x000000070f800000|  0%| F|  |TAMS 0x000000070f600000, 0x000000070f600000| Untracked 
| 116|0x000000070f800000, 0x000000070f800000, 0x000000070fa00000|  0%| F|  |TAMS 0x000000070f800000, 0x000000070f800000| Untracked 
| 117|0x000000070fa00000, 0x000000070fa00000, 0x000000070fc00000|  0%| F|  |TAMS 0x000000070fa00000, 0x000000070fa00000| Untracked 
| 118|0x000000070fc00000, 0x000000070fc00000, 0x000000070fe00000|  0%| F|  |TAMS 0x000000070fc00000, 0x000000070fc00000| Untracked 
| 119|0x000000070fe00000, 0x000000070fe00000, 0x0000000710000000|  0%| F|  |TAMS 0x000000070fe00000, 0x000000070fe00000| Untracked 
| 120|0x0000000710000000, 0x0000000710000000, 0x0000000710200000|  0%| F|  |TAMS 0x0000000710000000, 0x0000000710000000| Untracked 
| 121|0x0000000710200000, 0x0000000710200000, 0x0000000710400000|  0%| F|  |TAMS 0x0000000710200000, 0x0000000710200000| Untracked 
| 122|0x0000000710400000, 0x0000000710400000, 0x0000000710600000|  0%| F|  |TAMS 0x0000000710400000, 0x0000000710400000| Untracked 
| 123|0x0000000710600000, 0x0000000710600000, 0x0000000710800000|  0%| F|  |TAMS 0x0000000710600000, 0x0000000710600000| Untracked 
| 124|0x0000000710800000, 0x0000000710800000, 0x0000000710a00000|  0%| F|  |TAMS 0x0000000710800000, 0x0000000710800000| Untracked 
| 125|0x0000000710a00000, 0x0000000710a00000, 0x0000000710c00000|  0%| F|  |TAMS 0x0000000710a00000, 0x0000000710a00000| Untracked 
| 126|0x0000000710c00000, 0x0000000710c00000, 0x0000000710e00000|  0%| F|  |TAMS 0x0000000710c00000, 0x0000000710c00000| Untracked 
| 127|0x0000000710e00000, 0x0000000711000000, 0x0000000711000000|100%| E|  |TAMS 0x0000000710e00000, 0x0000000710e00000| Complete 

Card table byte_map: [0x000001fb2c580000,0x000001fb2cd80000] _byte_map_base: 0x000001fb28d78000

Marking Bits (Prev, Next): (CMBitMap*) 0x000001fb12926610, (CMBitMap*) 0x000001fb12926650
 Prev Bits: [0x000001fb2d580000, 0x000001fb31540000)
 Next Bits: [0x000001fb31540000, 0x000001fb35500000)

Polling page: 0x000001fb12750000

Metaspace:

Usage:
  Non-class:      4.01 MB capacity,   431.91 KB ( 11%) used,     3.59 MB ( 89%) free+waste,   384 bytes ( <1%) overhead. 
      Class:    387.00 KB capacity,    38.66 KB ( 10%) used,   348.15 KB ( 90%) free+waste,   192 bytes ( <1%) overhead. 
       Both:      4.39 MB capacity,   470.58 KB ( 10%) used,     3.93 MB ( 90%) free+waste,   576 bytes ( <1%) overhead. 

Virtual space:
  Non-class space:        8.00 MB reserved,       4.25 MB ( 53%) committed 
      Class space:        1.00 GB reserved,     512.00 KB ( <1%) committed 
             Both:        1.01 GB reserved,       4.75 MB ( <1%) committed 

Chunk freelists:
   Non-Class:  2.00 KB
       Class:  1.00 KB
        Both:  3.00 KB

MaxMetaspaceSize: 17179869184.00 GB
CompressedClassSpaceSize: 1.00 GB

CodeHeap 'non-profiled nmethods': size=120000Kb used=56Kb max_used=56Kb free=119944Kb
 bounds [0x000001fb23df0000, 0x000001fb24060000, 0x000001fb2b320000]
CodeHeap 'profiled nmethods': size=120000Kb used=202Kb max_used=202Kb free=119798Kb
 bounds [0x000001fb1c8c0000, 0x000001fb1cb30000, 0x000001fb23df0000]
CodeHeap 'non-nmethods': size=5760Kb used=1107Kb max_used=1121Kb free=4652Kb
 bounds [0x000001fb1c320000, 0x000001fb1c590000, 0x000001fb1c8c0000]
 total_blobs=526 nmethods=181 adapters=258
 compilation: enabled
              stopped_count=0, restarted_count=0
 full_count=0

Compilation events (20 events):
Event: 0.109 Thread 0x000001fb388308d0  122       3       java.util.Arrays::copyOfRange (64 bytes)
Event: 0.109 Thread 0x000001fb388308d0 nmethod 122 0x000001fb1c8e5f10 code [0x000001fb1c8e6180, 0x000001fb1c8e6a98]
Event: 0.109 Thread 0x000001fb388308d0  128       3       java.util.HashMap::containsKey (14 bytes)
Event: 0.110 Thread 0x000001fb388308d0 nmethod 128 0x000001fb1c8e6e10 code [0x000001fb1c8e6fc0, 0x000001fb1c8e7148]
Event: 0.110 Thread 0x000001fb388308d0  124       1       java.lang.module.ModuleDescriptor::exports (5 bytes)
Event: 0.110 Thread 0x000001fb388308d0 nmethod 124 0x000001fb23df8590 code [0x000001fb23df8720, 0x000001fb23df87d8]
Event: 0.110 Thread 0x000001fb388308d0  123       1       java.lang.module.ModuleDescriptor::provides (5 bytes)
Event: 0.110 Thread 0x000001fb388308d0 nmethod 123 0x000001fb23df8890 code [0x000001fb23df8a20, 0x000001fb23df8ad8]
Event: 0.110 Thread 0x000001fb388308d0  129       1       java.lang.module.ModuleDescriptor::uses (5 bytes)
Event: 0.110 Thread 0x000001fb388308d0 nmethod 129 0x000001fb23df8b90 code [0x000001fb23df8d20, 0x000001fb23df8dd8]
Event: 0.110 Thread 0x000001fb388308d0  130       3       java.util.ImmutableCollections$Set12$1::next (95 bytes)
Event: 0.110 Thread 0x000001fb388308d0 nmethod 130 0x000001fb1c8e7210 code [0x000001fb1c8e73c0, 0x000001fb1c8e7688]
Event: 0.111 Thread 0x000001fb388308d0  132       3       java.util.AbstractSet::<init> (5 bytes)
Event: 0.111 Thread 0x000001fb388308d0 nmethod 132 0x000001fb1c8e7790 code [0x000001fb1c8e7940, 0x000001fb1c8e7af8]
Event: 0.111 Thread 0x000001fb388308d0  133       1       java.util.KeyValueHolder::getKey (5 bytes)
Event: 0.111 Thread 0x000001fb388308d0 nmethod 133 0x000001fb23df8e90 code [0x000001fb23df9020, 0x000001fb23df90d8]
Event: 0.111 Thread 0x000001fb388308d0  134       1       java.util.KeyValueHolder::getValue (5 bytes)
Event: 0.111 Thread 0x000001fb388308d0 nmethod 134 0x000001fb23df9190 code [0x000001fb23df9320, 0x000001fb23df93d8]
Event: 0.112 Thread 0x000001fb3882eec0 nmethod 120 0x000001fb23df9490 code [0x000001fb23df9620, 0x000001fb23df9858]
Event: 0.112 Thread 0x000001fb3882eec0  126       4       java.util.ImmutableCollections$SetN$SetNIterator::next (90 bytes)

GC Heap History (0 events):
No events

Deoptimization events (0 events):
No events

Classes unloaded (0 events):
No events

Classes redefined (0 events):
No events

Internal exceptions (0 events):
No events

Events (15 events):
Event: 0.019 Loaded shared library C:\Users\palmq\.jdks\openjdk-15.0.2\bin\java.dll
Event: 0.033 Thread 0x000001fb128d3770 Thread added: 0x000001fb128d3770
Event: 0.038 Thread 0x000001fb38813600 Thread added: 0x000001fb38813600
Event: 0.038 Thread 0x000001fb388140e0 Thread added: 0x000001fb388140e0
Event: 0.046 loading class sun/nio/cs/UTF_8$Encoder
Event: 0.047 loading class sun/nio/cs/UTF_8$Encoder done
Event: 0.048 Thread 0x000001fb3882ac40 Thread added: 0x000001fb3882ac40
Event: 0.048 Thread 0x000001fb3882d910 Thread added: 0x000001fb3882d910
Event: 0.048 Thread 0x000001fb3882e1d0 Thread added: 0x000001fb3882e1d0
Event: 0.048 Thread 0x000001fb3882eec0 Thread added: 0x000001fb3882eec0
Event: 0.049 Thread 0x000001fb388308d0 Thread added: 0x000001fb388308d0
Event: 0.049 Thread 0x000001fb388332e0 Thread added: 0x000001fb388332e0
Event: 0.081 Thread 0x000001fb3893e070 Thread added: 0x000001fb3893e070
Event: 0.099 Executing VM operation: HandshakeAllThreads
Event: 0.099 Executing VM operation: HandshakeAllThreads done


Dynamic libraries:
0x00007ff6af8a0000 - 0x00007ff6af8ad000 	C:\Users\palmq\.jdks\openjdk-15.0.2\bin\java.exe
0x00007ff892740000 - 0x00007ff892930000 	C:\WINDOWS\SYSTEM32\ntdll.dll
0x00007ff8920a0000 - 0x00007ff892152000 	C:\WINDOWS\System32\KERNEL32.DLL
0x00007ff890380000 - 0x00007ff890625000 	C:\WINDOWS\System32\KERNELBASE.dll
0x00007ff88f9d0000 - 0x00007ff88faca000 	C:\WINDOWS\System32\ucrtbase.dll
0x00007ff885e80000 - 0x00007ff885e99000 	C:\Users\palmq\.jdks\openjdk-15.0.2\bin\VCRUNTIME140.dll
0x00007ff8848a0000 - 0x00007ff8848b8000 	C:\Users\palmq\.jdks\openjdk-15.0.2\bin\jli.dll
0x00007ff891f00000 - 0x00007ff892094000 	C:\WINDOWS\System32\USER32.dll
0x00007ff88fad0000 - 0x00007ff88faf1000 	C:\WINDOWS\System32\win32u.dll
0x00007ff891d20000 - 0x00007ff891d46000 	C:\WINDOWS\System32\GDI32.dll
0x00007ff890650000 - 0x00007ff8907e8000 	C:\WINDOWS\System32\gdi32full.dll
0x00007ff88f750000 - 0x00007ff88f7ee000 	C:\WINDOWS\System32\msvcp_win.dll
0x00007ff88ead0000 - 0x00007ff88ed54000 	C:\WINDOWS\WinSxS\amd64_microsoft.windows.common-controls_6595b64144ccf1df_6.0.18362.1316_none_9e7a364fe461dbd7\COMCTL32.dll
0x00007ff890a20000 - 0x00007ff890abe000 	C:\WINDOWS\System32\msvcrt.dll
0x00007ff8922b0000 - 0x00007ff8925e7000 	C:\WINDOWS\System32\combase.dll
0x00007ff890b90000 - 0x00007ff890caf000 	C:\WINDOWS\System32\RPCRT4.dll
0x00007ff88f6c0000 - 0x00007ff88f741000 	C:\WINDOWS\System32\bcryptPrimitives.dll
0x00007ff890cb0000 - 0x00007ff890cde000 	C:\WINDOWS\System32\IMM32.DLL
0x00007ff88f230000 - 0x00007ff88f23c000 	C:\Users\palmq\.jdks\openjdk-15.0.2\bin\vcruntime140_1.dll
0x00007ff874250000 - 0x00007ff8742e1000 	C:\Users\palmq\.jdks\openjdk-15.0.2\bin\msvcp140.dll
0x00007ff81ca80000 - 0x00007ff81d5de000 	C:\Users\palmq\.jdks\openjdk-15.0.2\bin\server\jvm.dll
0x00007ff890ce0000 - 0x00007ff890d83000 	C:\WINDOWS\System32\ADVAPI32.dll
0x00007ff892210000 - 0x00007ff8922a7000 	C:\WINDOWS\System32\sechost.dll
0x00007ff890d90000 - 0x00007ff890d98000 	C:\WINDOWS\System32\PSAPI.DLL
0x00007ff88cc90000 - 0x00007ff88cc9a000 	C:\WINDOWS\SYSTEM32\VERSION.dll
0x00007ff88b250000 - 0x00007ff88b274000 	C:\WINDOWS\SYSTEM32\WINMM.dll
0x00007ff874490000 - 0x00007ff874499000 	C:\WINDOWS\SYSTEM32\WSOCK32.dll
0x00007ff891840000 - 0x00007ff8918af000 	C:\WINDOWS\System32\WS2_32.dll
0x00007ff88b220000 - 0x00007ff88b24d000 	C:\WINDOWS\SYSTEM32\winmmbase.dll
0x00007ff890330000 - 0x00007ff89037a000 	C:\WINDOWS\System32\cfgmgr32.dll
0x00007ff88f6a0000 - 0x00007ff88f6b1000 	C:\WINDOWS\System32\kernel.appcore.dll
0x00007ff889de0000 - 0x00007ff889dea000 	C:\Users\palmq\.jdks\openjdk-15.0.2\bin\jimage.dll
0x00007ff88f030000 - 0x00007ff88f224000 	C:\WINDOWS\SYSTEM32\DBGHELP.DLL
0x00007ff88ee50000 - 0x00007ff88ee7a000 	C:\WINDOWS\SYSTEM32\dbgcore.DLL
0x00007ff888340000 - 0x00007ff88834e000 	C:\Users\palmq\.jdks\openjdk-15.0.2\bin\instrument.dll
0x00007ff882360000 - 0x00007ff882385000 	C:\Users\palmq\.jdks\openjdk-15.0.2\bin\java.dll
0x00007ff8910d0000 - 0x00007ff8917b8000 	C:\WINDOWS\System32\SHELL32.dll
0x00007ff890da0000 - 0x00007ff890e47000 	C:\WINDOWS\System32\shcore.dll
0x00007ff88fbb0000 - 0x00007ff89032b000 	C:\WINDOWS\System32\windows.storage.dll
0x00007ff88f670000 - 0x00007ff88f693000 	C:\WINDOWS\System32\profapi.dll
0x00007ff88f620000 - 0x00007ff88f66a000 	C:\WINDOWS\System32\powrprof.dll
0x00007ff88f5f0000 - 0x00007ff88f600000 	C:\WINDOWS\System32\UMPDC.dll
0x00007ff891ea0000 - 0x00007ff891ef2000 	C:\WINDOWS\System32\shlwapi.dll
0x00007ff890630000 - 0x00007ff890647000 	C:\WINDOWS\System32\cryptsp.dll
0x00007ff87dbd0000 - 0x00007ff87dbe8000 	C:\Users\palmq\.jdks\openjdk-15.0.2\bin\zip.dll
0x00007ff87fdb0000 - 0x00007ff87fdc9000 	C:\Users\palmq\.jdks\openjdk-15.0.2\bin\net.dll
0x00007ff87c650000 - 0x00007ff87c740000 	C:\WINDOWS\SYSTEM32\WINHTTP.dll
0x00007ff88e880000 - 0x00007ff88e8e7000 	C:\WINDOWS\system32\mswsock.dll
0x00007ff87fd90000 - 0x00007ff87fda2000 	C:\Users\palmq\.jdks\openjdk-15.0.2\bin\nio.dll
0x00007ff87dbb0000 - 0x00007ff87dbca000 	C:\Program Files\JetBrains\IntelliJ IDEA Community Edition 2020.2.1\bin\breakgen64.dll

dbghelp: loaded successfully - version: 4.0.5 - missing functions: none
symbol engine: initialized successfully - sym options: 0x614 - pdb path: .;C:\Users\palmq\.jdks\openjdk-15.0.2\bin;C:\WINDOWS\SYSTEM32;C:\WINDOWS\WinSxS\amd64_microsoft.windows.common-controls_6595b64144ccf1df_6.0.18362.1316_none_9e7a364fe461dbd7;C:\Users\palmq\.jdks\openjdk-15.0.2\bin\server;C:\Program Files\JetBrains\IntelliJ IDEA Community Edition 2020.2.1\bin

VM Arguments:
jvm_args: -javaagent:C:\Program Files\JetBrains\IntelliJ IDEA Community Edition 2020.2.1\lib\idea_rt.jar=62776:C:\Program Files\JetBrains\IntelliJ IDEA Community Edition 2020.2.1\bin -Dfile.encoding=UTF-8 
java_command: Main
java_class_path (initial): C:\Users\palmq\Documents\GitHub\EC_AvanceradJava_Bibliotek\out\production\EC_AvanceradJava_Bibliotek
Launcher Type: SUN_STANDARD

[Global flags]
     intx CICompilerCount                          = 4                                         {product} {ergonomic}
     uint ConcGCThreads                            = 2                                         {product} {ergonomic}
     uint G1ConcRefinementThreads                  = 8                                         {product} {ergonomic}
   size_t G1HeapRegionSize                         = 2097152                                   {product} {ergonomic}
    uintx GCDrainStackTargetSize                   = 64                                        {product} {ergonomic}
   size_t InitialHeapSize                          = 268435456                                 {product} {ergonomic}
   size_t MarkStackSize                            = 4194304                                   {product} {ergonomic}
   size_t MaxHeapSize                              = 4278190080                                {product} {ergonomic}
   size_t MaxNewSize                               = 2566914048                                {product} {ergonomic}
   size_t MinHeapDeltaBytes                        = 2097152                                   {product} {ergonomic}
   size_t MinHeapSize                              = 8388608                                   {product} {ergonomic}
    uintx NonNMethodCodeHeapSize                   = 5839372                                {pd product} {ergonomic}
    uintx NonProfiledCodeHeapSize                  = 122909434                              {pd product} {ergonomic}
    uintx ProfiledCodeHeapSize                     = 122909434                              {pd product} {ergonomic}
    uintx ReservedCodeCacheSize                    = 251658240                              {pd product} {ergonomic}
     bool SegmentedCodeCache                       = true                                      {product} {ergonomic}
   size_t SoftMaxHeapSize                          = 4278190080                             {manageable} {ergonomic}
     bool UseCompressedClassPointers               = true                                 {lp64_product} {ergonomic}
     bool UseCompressedOops                        = true                                 {lp64_product} {ergonomic}
     bool UseG1GC                                  = true                                      {product} {ergonomic}
     bool UseLargePagesIndividualAllocation        = false                                  {pd product} {ergonomic}

Logging:
Log output configuration:
 #0: stdout all=warning uptime,level,tags
 #1: stderr all=off uptime,level,tags

Environment Variables:
PATH=C:\Program Files (x86)\Common Files\Oracle\Java\javapath;C:\ProgramData\Oracle\Java\javapath;C:\Windows\system32;C:\Windows;C:\Windows\System32\Wbem;C:\Windows\System32\WindowsPowerShell\v1.0\;C:\Program Files\Intel\WiFi\bin\;C:\Program Files\Common Files\Intel\WirelessCommon\;C:\Program Files (x86)\NVIDIA Corporation\PhysX\Common;C:\WINDOWS\system32;C:\WINDOWS;C:\WINDOWS\System32\Wbem;C:\WINDOWS\System32\WindowsPowerShell\v1.0\;C:\WINDOWS\System32\OpenSSH\;C:\Program Files\NVIDIA Corporation\NVIDIA NvDLISR;C:\Program Files\dotnet\;C:\Program Files\nodejs\;C:\Program Files\Git\cmd;C:\Users\palmq\AppData\Local\Microsoft\WindowsApps;C:\Users\palmq\AppData\Local\GitHubDesktop\bin;C:\Users\palmq\AppData\Local\Programs\Microsoft VS Code\bin;C:\Users\palmq\AppData\Roaming\npm
USERNAME=palmq
OS=Windows_NT
PROCESSOR_IDENTIFIER=AMD64 Family 23 Model 1 Stepping 1, AuthenticAMD



---------------  S Y S T E M  ---------------

OS:
 Windows 10 , 64 bit Build 18362 (10.0.18362.1316)
OS uptime: 3 days 14:23 hours

CPU: total 8 (initial active 8) (8 cores per cpu, 2 threads per core) family 23 model 1 stepping 1 microcode 0x0, cmov, cx8, fxsr, mmx, sse, sse2, sse3, ssse3, sse4.1, sse4.2, popcnt, vzeroupper, avx, avx2, aes, clmul, 3dnowpref, lzcnt, sse4a, ht, tsc, tscinvbit, tscinv, bmi1, bmi2, adx, sha, fma, clflush, clflushopt

Memory: 4k page, system-wide physical 16318M (8718M free)
TotalPageFile size 18750M (AvailPageFile size 6283M)
current process WorkingSet (physical memory assigned to process): 33M, peak: 33M
current process commit charge ("private bytes"): 348M, peak: 348M

vm_info: OpenJDK 64-Bit Server VM (15.0.2+7-27) for windows-amd64 JRE (15.0.2+7-27), built on Dec  7 2020 20:02:38 by "mach5one" with unknown MS VC++:1925

END.
